<?xml version="1.0" encoding="UTF-8"?>
<testng-results skipped="0" failed="0" ignored="0" total="1" passed="1">
  <reporter-output>
  </reporter-output>
  <suite name="Default suite" duration-ms="13656" started-at="2019-09-14T14:59:12Z" finished-at="2019-09-14T14:59:26Z">
    <groups>
    </groups>
    <test name="Default test" duration-ms="13656" started-at="2019-09-14T14:59:12Z" finished-at="2019-09-14T14:59:26Z">
      <class name="Testclass">
        <test-method status="PASS" signature="invokePropertyFile()[pri:0, instance:Testclass@4667ae56]" name="invokePropertyFile" is-config="true" duration-ms="12" started-at="2019-09-14T14:59:12Z" finished-at="2019-09-14T14:59:12Z">
          <reporter-output>
          </reporter-output>
        </test-method> <!-- invokePropertyFile -->
        <test-method status="PASS" signature="openingTheBrowser()[pri:0, instance:Testclass@4667ae56]" name="openingTheBrowser" is-config="true" duration-ms="8980" started-at="2019-09-14T14:59:12Z" finished-at="2019-09-14T14:59:21Z">
          <reporter-output>
          </reporter-output>
        </test-method> <!-- openingTheBrowser -->
        <test-method status="PASS" signature="select()[pri:0, instance:Testclass@4667ae56]" name="select" duration-ms="4089" started-at="2019-09-14T14:59:21Z" finished-at="2019-09-14T14:59:25Z">
          <reporter-output>
          </reporter-output>
        </test-method> <!-- select -->
        <test-method status="PASS" signature="CloseTheBrowser()[pri:0, instance:Testclass@4667ae56]" name="CloseTheBrowser" is-config="true" duration-ms="274" started-at="2019-09-14T14:59:25Z" finished-at="2019-09-14T14:59:26Z">
          <reporter-output>
          </reporter-output>
        </test-method> <!-- CloseTheBrowser -->
      </class> <!-- Testclass -->
    </test> <!-- Default test -->
  </suite> <!-- Default suite -->
</testng-results>
